<?xml version="1.0" encoding="UTF-8"?>
<!-- Generated by org.testng.reporters.JUnitXMLReporter -->
<testsuite ignored="0" hostname="DESKTOP-4PM90JV" failures="0" tests="5" name="Default test" time="11.537" errors="0" timestamp="2026-03-15T15:34:33 IST">
  <testcase classname="demo.APITest$secondTest" name="Delete" time="4.529"/>
  <testcase classname="demo.APITest$secondTest" name="Get" time="0.751"/>
  <testcase classname="demo.APITest$secondTest" name="patch" time="2.089"/>
  <testcase classname="demo.APITest$secondTest" name="put" time="2.912"/>
  <testcase classname="demo.APITest$secondTest" name="test" time="1.208"/>
</testsuite> <!-- Default test -->
