<?xml version="1.0" encoding="UTF-8"?>
<testng-results ignored="0" total="5" passed="5" failed="0" skipped="0">
  <reporter-output>
  </reporter-output>
  <suite started-at="2026-03-15T15:34:21 IST" name="Default suite" finished-at="2026-03-15T15:34:33 IST" duration-ms="11537">
    <groups>
    </groups>
    <test started-at="2026-03-15T15:34:21 IST" name="Default test" finished-at="2026-03-15T15:34:33 IST" duration-ms="11537">
      <class name="demo.APITest$secondTest">
        <test-method signature="Delete()[pri:0, instance:demo.APITest$secondTest@747ddf94]" started-at="2026-03-15T15:34:21 IST" name="Delete" finished-at="2026-03-15T15:34:26 IST" duration-ms="4529" status="PASS">
          <reporter-output>
          </reporter-output>
        </test-method> <!-- Delete -->
        <test-method signature="Get()[pri:0, instance:demo.APITest$secondTest@747ddf94]" started-at="2026-03-15T15:34:26 IST" name="Get" finished-at="2026-03-15T15:34:27 IST" duration-ms="751" status="PASS">
          <reporter-output>
          </reporter-output>
        </test-method> <!-- Get -->
        <test-method signature="patch()[pri:0, instance:demo.APITest$secondTest@747ddf94]" started-at="2026-03-15T15:34:27 IST" name="patch" finished-at="2026-03-15T15:34:29 IST" duration-ms="2089" status="PASS">
          <reporter-output>
          </reporter-output>
        </test-method> <!-- patch -->
        <test-method signature="put()[pri:0, instance:demo.APITest$secondTest@747ddf94]" started-at="2026-03-15T15:34:29 IST" name="put" finished-at="2026-03-15T15:34:32 IST" duration-ms="2912" status="PASS">
          <reporter-output>
          </reporter-output>
        </test-method> <!-- put -->
        <test-method signature="test()[pri:0, instance:demo.APITest$secondTest@747ddf94]" started-at="2026-03-15T15:34:32 IST" name="test" finished-at="2026-03-15T15:34:33 IST" duration-ms="1208" status="PASS">
          <reporter-output>
          </reporter-output>
        </test-method> <!-- test -->
      </class> <!-- demo.APITest$secondTest -->
    </test> <!-- Default test -->
  </suite> <!-- Default suite -->
</testng-results>
