<?xml version="1.0" encoding="UTF-8"?>
<!-- Generated by org.testng.reporters.JUnitReportReporter -->
<testsuite hostname="DESKTOP-4PM90JV" failures="0" tests="5" name="demo.APITest$secondTest" time="11.489" errors="0" timestamp="2026-03-15T15:34:33 IST" skipped="0">
  <testcase classname="demo.APITest$secondTest" name="test" time="1.208"/>
  <testcase classname="demo.APITest$secondTest" name="put" time="2.912"/>
  <testcase classname="demo.APITest$secondTest" name="Get" time="0.751"/>
  <testcase classname="demo.APITest$secondTest" name="Delete" time="4.529"/>
  <testcase classname="demo.APITest$secondTest" name="patch" time="2.089"/>
</testsuite> <!-- demo.APITest$secondTest -->
